0 info it worked if it ends with ok
1 verbose cli [ 'C:\\Program Files\\nodejs\\node.exe',
1 verbose cli   'C:\\Program Files\\nodejs\\node_modules\\npm\\bin\\npm-cli.js',
1 verbose cli   'run',
1 verbose cli   'gulp',
1 verbose cli   'server' ]
2 info using npm@3.10.10
3 info using node@v6.11.2
4 verbose run-script [ 'pregulp', 'gulp', 'postgulp' ]
5 info lifecycle projeto@1.0.0~pregulp: projeto@1.0.0
6 silly lifecycle projeto@1.0.0~pregulp: no script for pregulp, continuing
7 info lifecycle projeto@1.0.0~gulp: projeto@1.0.0
8 verbose lifecycle projeto@1.0.0~gulp: unsafe-perm in lifecycle true
9 verbose lifecycle projeto@1.0.0~gulp: PATH: C:\Program Files\nodejs\node_modules\npm\bin\node-gyp-bin;C:\Dev\wamp\www\3.Profissional\Rafael Ribeiro Coaching\rafaribeiro\node_modules\.bin;C:\Ruby22\bin;C:\ProgramData\Oracle\Java\javapath;C:\Program Files\Intel\iCLS Client\;C:\Program Files\Common Files\Microsoft Shared\Windows Live;C:\Windows\system32;C:\Windows;C:\Windows\System32\Wbem;C:\Windows\System32\WindowsPowerShell\v1.0\;C:\Program Files\Windows Live\Shared;C:\Program Files\Intel\OpenCL SDK\2.0\bin\x86;C:\Program Files\Intel\Intel(R) Management Engine Components\DAL;C:\Program Files\Intel\Intel(R) Management Engine Components\IPT;C:\Program Files\Microsoft SQL Server\80\Tools\Binn\;C:\Program Files\Oberthur Technologies\AWP\Dlls;D:\Oberthur Technologies\AWP\Dlls;C:\Program Files\Skype\Phone\;C:\Program Files\nodejs\;C:\Program Files\Git\cmd;C:\Program Files\SSH Communications Security\SSH Secure Shell;C:\Dev\Microsoft VS Code\bin;C:\MinGW\bin;C:\Users\user\AppData\Roaming\npm;C:\Program Files\MySQL\MySQL Server 5.7\bin
10 verbose lifecycle projeto@1.0.0~gulp: CWD: C:\Dev\wamp\www\3.Profissional\Rafael Ribeiro Coaching\rafaribeiro
11 silly lifecycle projeto@1.0.0~gulp: Args: [ '/d /s /c', 'gulp "server"' ]
12 silly lifecycle projeto@1.0.0~gulp: Returned: code: 1  signal: null
13 info lifecycle projeto@1.0.0~gulp: Failed to exec gulp script
14 verbose stack Error: projeto@1.0.0 gulp: `gulp "server"`
14 verbose stack Exit status 1
14 verbose stack     at EventEmitter.<anonymous> (C:\Program Files\nodejs\node_modules\npm\lib\utils\lifecycle.js:255:16)
14 verbose stack     at emitTwo (events.js:106:13)
14 verbose stack     at EventEmitter.emit (events.js:191:7)
14 verbose stack     at ChildProcess.<anonymous> (C:\Program Files\nodejs\node_modules\npm\lib\utils\spawn.js:40:14)
14 verbose stack     at emitTwo (events.js:106:13)
14 verbose stack     at ChildProcess.emit (events.js:191:7)
14 verbose stack     at maybeClose (internal/child_process.js:891:16)
14 verbose stack     at Process.ChildProcess._handle.onexit (internal/child_process.js:226:5)
15 verbose pkgid projeto@1.0.0
16 verbose cwd C:\Dev\wamp\www\3.Profissional\Rafael Ribeiro Coaching\rafaribeiro\src
17 error Windows_NT 6.1.7601
18 error argv "C:\\Program Files\\nodejs\\node.exe" "C:\\Program Files\\nodejs\\node_modules\\npm\\bin\\npm-cli.js" "run" "gulp" "server"
19 error node v6.11.2
20 error npm  v3.10.10
21 error code ELIFECYCLE
22 error projeto@1.0.0 gulp: `gulp "server"`
22 error Exit status 1
23 error Failed at the projeto@1.0.0 gulp script 'gulp "server"'.
23 error Make sure you have the latest version of node.js and npm installed.
23 error If you do, this is most likely a problem with the projeto package,
23 error not with npm itself.
23 error Tell the author that this fails on your system:
23 error     gulp "server"
23 error You can get information on how to open an issue for this project with:
23 error     npm bugs projeto
23 error Or if that isn't available, you can get their info via:
23 error     npm owner ls projeto
23 error There is likely additional logging output above.
24 verbose exit [ 1, true ]
